#
# A fatal error has been detected by the Java Runtime Environment:
#
#  EXCEPTION_ACCESS_VIOLATION (0xc0000005) at pc=0x0000000180005b00, pid=12996, tid=0x0000000000003f74
#
# JRE version: Java(TM) SE Runtime Environment (8.0_271-b09) (build 1.8.0_271-b09)
# Java VM: Java HotSpot(TM) 64-Bit Server VM (25.271-b09 mixed mode windows-amd64 compressed oops)
# Problematic frame:
# C  [rxtxSerial.dll+0x5b00]
#
# Failed to write core dump. Minidumps are not enabled by default on client versions of Windows
#
# If you would like to submit a bug report, please visit:
#   http://bugreport.java.com/bugreport/crash.jsp
# The crash happened outside the Java Virtual Machine in native code.
# See problematic frame for where to report the bug.
#

---------------  T H R E A D  ---------------

Current thread (0x000002828083f800):  JavaThread "Thread-0" [_thread_in_native, id=16244, stack(0x000000d6e6700000,0x000000d6e6800000)]

siginfo: ExceptionCode=0xc0000005, reading address 0xffffffffe67feb48

Registers:
RAX=0x0000000000000001, RBX=0x0000000000000000, RCX=0x000000018001d4d5, RDX=0xfffffffffffff665
RSP=0x000000d6e67fdfe0, RBP=0x00000000ffffffff, RSI=0x0000000000000000, RDI=0x000002828083f9f8
R8 =0x0000000000000002, R9 =0xfffffffffffff63c, R10=0x0000000000000000, R11=0x8101010101010100
R12=0xffffffffe67feb40, R13=0x0000000000000007, R14=0x000000d6e67fe1c0, R15=0x0000000000000000
RIP=0x0000000180005b00, EFLAGS=0x0000000000010202

Top of Stack: (sp=0x000000d6e67fdfe0)
0x000000d6e67fdfe0:   0000000000000000 ffffffffe67feb40
0x000000d6e67fdff0:   0000000000000000 0000000000000000
0x000000d6e67fe000:   0000000000000000 000000d6e67fe1c0
0x000000d6e67fe010:   00000282fe25bc40 0000000000000001
0x000000d6e67fe020:   000002828083f9f8 0000000000000007
0x000000d6e67fe030:   ffffffffffffffff 0000000180006211
0x000000d6e67fe040:   00000282ff3a7a10 ffffffffffffffff
0x000000d6e67fe050:   0000000000000001 00000282ff3a7a10
0x000000d6e67fe060:   0000028200000007 000000d6ffffffff
0x000000d6e67fe070:   000000d6e67fe1c8 0000000072cc32cb
0x000000d6e67fe080:   000000d6e67fe0b0 0000000000000000
0x000000d6e67fe090:   000002828083f800 00000282ff3d6e10
0x000000d6e67fe0a0:   00000282fe25bc48 000002828083f800
0x000000d6e67fe0b0:   00000282fe25bc48 0000b2aa16a649d1
0x000000d6e67fe0c0:   00000000000005ea 00000282fe25bc40
0x000000d6e67fe0d0:   000002828083f800 000000d6e67fe1c8 

Instructions: (pc=0x0000000180005b00)
0x0000000180005ae0:   15 23 7a 01 00 48 8d 48 60 e8 3a 5d 00 00 4c 8b
0x0000000180005af0:   e5 8b ac 24 88 00 00 00 44 8b ac 24 80 00 00 00
0x0000000180005b00:   45 8b 74 24 08 41 89 5c 24 08 41 8b fd 85 ed 78
0x0000000180005b10:   09 ff 15 e9 14 01 00 44 8b f8 45 85 ed 7e 4a 90 


Register to memory mapping:

RAX=0x0000000000000001 is an unknown value
RBX=0x0000000000000000 is an unknown value
RCX=0x000000018001d4d5 is an unknown value
RDX=0xfffffffffffff665 is an unknown value
RSP=0x000000d6e67fdfe0 is pointing into the stack for thread: 0x000002828083f800
RBP=0x00000000ffffffff is an unknown value
RSI=0x0000000000000000 is an unknown value
RDI=0x000002828083f9f8 is an unknown value
R8 =0x0000000000000002 is an unknown value
R9 =0xfffffffffffff63c is an unknown value
R10=0x0000000000000000 is an unknown value
R11=0x8101010101010100 is an unknown value
R12=0xffffffffe67feb40 is an unknown value
R13=0x0000000000000007 is an unknown value
R14=0x000000d6e67fe1c0 is pointing into the stack for thread: 0x000002828083f800
R15=0x0000000000000000 is an unknown value


Stack: [0x000000d6e6700000,0x000000d6e6800000],  sp=0x000000d6e67fdfe0,  free space=1015k
Native frames: (J=compiled Java code, j=interpreted, Vv=VM code, C=native code)
C  [rxtxSerial.dll+0x5b00]
C  [rxtxSerial.dll+0x6211]
C  0x00000282e680990e

Java frames: (J=compiled Java code, j=interpreted, Vv=VM code)
j  gnu.io.RXTXPort.readArray([BII)I+0
j  gnu.io.RXTXPort$SerialInputStream.read([BII)I+212
j  java.io.BufferedInputStream.fill()V+214
j  java.io.BufferedInputStream.read1([BII)I+44
j  java.io.BufferedInputStream.read([BII)I+49
j  java.io.FilterInputStream.read([B)I+5
j  com.can.SendAndReceiveSerial.serialEvent(Lgnu/io/SerialPortEvent;)V+77
j  gnu.io.RXTXPort.sendEvent(IZ)Z+382
v  ~StubRoutines::call_stub
j  gnu.io.RXTXPort.eventLoop()V+0
j  gnu.io.RXTXPort$MonitorThread.run()V+12
v  ~StubRoutines::call_stub

---------------  P R O C E S S  ---------------

Java Threads: ( => current thread )
=>0x000002828083f800 JavaThread "Thread-0" [_thread_in_native, id=16244, stack(0x000000d6e6700000,0x000000d6e6800000)]
  0x000002828075d800 JavaThread "Service Thread" daemon [_thread_blocked, id=5280, stack(0x000000d6e6500000,0x000000d6e6600000)]
  0x00000282ff3dc000 JavaThread "C1 CompilerThread3" daemon [_thread_blocked, id=15236, stack(0x000000d6e6400000,0x000000d6e6500000)]
  0x00000282ff3d8000 JavaThread "C2 CompilerThread2" daemon [_thread_blocked, id=16000, stack(0x000000d6e6300000,0x000000d6e6400000)]
  0x00000282ff3cc800 JavaThread "C2 CompilerThread1" daemon [_thread_blocked, id=13908, stack(0x000000d6e6200000,0x000000d6e6300000)]
  0x00000282ff3ca800 JavaThread "C2 CompilerThread0" daemon [_thread_blocked, id=14120, stack(0x000000d6e6100000,0x000000d6e6200000)]
  0x00000282ff3c7800 JavaThread "Attach Listener" daemon [_thread_blocked, id=6248, stack(0x000000d6e6000000,0x000000d6e6100000)]
  0x00000282ff379000 JavaThread "Signal Dispatcher" daemon [_thread_blocked, id=14724, stack(0x000000d6e5f00000,0x000000d6e6000000)]
  0x00000282ff34f800 JavaThread "Finalizer" daemon [_thread_blocked, id=11384, stack(0x000000d6e5e00000,0x000000d6e5f00000)]
  0x00000282ff328800 JavaThread "Reference Handler" daemon [_thread_blocked, id=16216, stack(0x000000d6e5d00000,0x000000d6e5e00000)]
  0x00000282e4ea2800 JavaThread "main" [_thread_blocked, id=11540, stack(0x000000d6e5300000,0x000000d6e5400000)]

Other Threads:
  0x00000282ff321800 VMThread [stack: 0x000000d6e5c00000,0x000000d6e5d00000] [id=15796]
  0x00000282807a6000 WatcherThread [stack: 0x000000d6e6600000,0x000000d6e6700000] [id=15984]

VM state:not at safepoint (normal execution)

VM Mutex/Monitor currently owned by a thread: None

heap address: 0x00000006e0c00000, size: 3572 MB, Compressed Oops mode: Zero based, Oop shift amount: 3
Narrow klass base: 0x0000000000000000, Narrow klass shift: 3
Compressed class space size: 1073741824 Address: 0x00000007c0000000

Heap:
 PSYoungGen      total 67072K, used 5785K [0x0000000775980000, 0x000000077a400000, 0x00000007c0000000)
  eden space 57856K, 10% used [0x0000000775980000,0x0000000775f26700,0x0000000779200000)
  from space 9216K, 0% used [0x0000000779b00000,0x0000000779b00000,0x000000077a400000)
  to   space 9216K, 0% used [0x0000000779200000,0x0000000779200000,0x0000000779b00000)
 ParOldGen       total 153088K, used 0K [0x00000006e0c00000, 0x00000006ea180000, 0x0000000775980000)
  object space 153088K, 0% used [0x00000006e0c00000,0x00000006e0c00000,0x00000006ea180000)
 Metaspace       used 3522K, capacity 4740K, committed 4864K, reserved 1056768K
  class space    used 397K, capacity 428K, committed 512K, reserved 1048576K

Card table byte_map: [0x00000282f5bb0000,0x00000282f62b0000] byte_map_base: 0x00000282f24aa000

Marking Bits: (ParMarkBitMap*) 0x00000000733e7fe0
 Begin Bits: [0x00000282f6760000, 0x00000282f9f30000)
 End Bits:   [0x00000282f9f30000, 0x00000282fd700000)

Polling page: 0x00000282e5000000

CodeCache: size=245760Kb used=1275Kb max_used=1286Kb free=244484Kb
 bounds [0x00000282e67f0000, 0x00000282e6a60000, 0x00000282f57f0000]
 total_blobs=345 nmethods=98 adapters=161
 compilation: enabled

Compilation events (10 events):
Event: 0.300 Thread 0x00000282ff3dc000   94   !   3       java.util.concurrent.ConcurrentHashMap::putVal (362 bytes)
Event: 0.301 Thread 0x00000282ff3dc000 nmethod 94 0x00000282e692ba10 code [0x00000282e692bcc0, 0x00000282e692d6a0]
Event: 0.349 Thread 0x00000282ff3dc000   95       1       java.net.URL::getQuery (5 bytes)
Event: 0.349 Thread 0x00000282ff3dc000 nmethod 95 0x00000282e692e310 code [0x00000282e692e460, 0x00000282e692e578]
Event: 0.356 Thread 0x00000282ff3dc000   96  s    1       java.util.Vector::size (5 bytes)
Event: 0.356 Thread 0x00000282ff3dc000 nmethod 96 0x00000282e692e5d0 code [0x00000282e692e720, 0x00000282e692e998]
Event: 0.366 Thread 0x00000282ff3dc000   97       3       java.lang.String::indexOf (7 bytes)
Event: 0.367 Thread 0x00000282ff3dc000 nmethod 97 0x00000282e692ea10 code [0x00000282e692eb80, 0x00000282e692ee10]
Event: 0.367 Thread 0x00000282ff3d8000   98       4       java.lang.String::indexOf (70 bytes)
Event: 0.369 Thread 0x00000282ff3d8000 nmethod 98 0x00000282e6931d50 code [0x00000282e6931ea0, 0x00000282e6932058]

GC Heap History (0 events):
No events

Deoptimization events (0 events):
No events

Classes redefined (0 events):
No events

Internal exceptions (8 events):
Event: 0.027 Thread 0x00000282e4ea2800 Exception <a 'java/lang/NoSuchMethodError': Method sun.misc.Unsafe.defineClass(Ljava/lang/String;[BII)Ljava/lang/Class; name or signature does not match> (0x0000000775987cc0) thrown at [C:\jenkins\workspace\8-2-build-windows-amd64-cygwin\jdk8u271\605\hots
Event: 0.028 Thread 0x00000282e4ea2800 Exception <a 'java/lang/NoSuchMethodError': Method sun.misc.Unsafe.prefetchRead(Ljava/lang/Object;J)V name or signature does not match> (0x0000000775987fa8) thrown at [C:\jenkins\workspace\8-2-build-windows-amd64-cygwin\jdk8u271\605\hotspot\src\share\vm\p
Event: 0.118 Thread 0x00000282e4ea2800 Exception <a 'java/io/FileNotFoundException'> (0x0000000775a7ee88) thrown at [C:\jenkins\workspace\8-2-build-windows-amd64-cygwin\jdk8u271\605\hotspot\src\share\vm\prims\jni.cpp, line 710]
Event: 0.279 Thread 0x00000282e4ea2800 Exception <a 'java/io/FileNotFoundException'> (0x0000000775a95530) thrown at [C:\jenkins\workspace\8-2-build-windows-amd64-cygwin\jdk8u271\605\hotspot\src\share\vm\prims\jni.cpp, line 710]
Event: 0.289 Thread 0x00000282e4ea2800 Exception <a 'java/security/PrivilegedActionException'> (0x0000000775be3920) thrown at [C:\jenkins\workspace\8-2-build-windows-amd64-cygwin\jdk8u271\605\hotspot\src\share\vm\prims\jvm.cpp, line 1512]
Event: 0.289 Thread 0x00000282e4ea2800 Exception <a 'java/security/PrivilegedActionException'> (0x0000000775be3d18) thrown at [C:\jenkins\workspace\8-2-build-windows-amd64-cygwin\jdk8u271\605\hotspot\src\share\vm\prims\jvm.cpp, line 1512]
Event: 0.290 Thread 0x00000282e4ea2800 Exception <a 'java/security/PrivilegedActionException'> (0x0000000775be7b70) thrown at [C:\jenkins\workspace\8-2-build-windows-amd64-cygwin\jdk8u271\605\hotspot\src\share\vm\prims\jvm.cpp, line 1512]
Event: 0.290 Thread 0x00000282e4ea2800 Exception <a 'java/security/PrivilegedActionException'> (0x0000000775be7f68) thrown at [C:\jenkins\workspace\8-2-build-windows-amd64-cygwin\jdk8u271\605\hotspot\src\share\vm\prims\jvm.cpp, line 1512]

Events (10 events):
Event: 0.299 loading class gnu/io/UnSupportedLoggerException done
Event: 0.300 loading class java/lang/IndexOutOfBoundsException
Event: 0.300 loading class java/lang/IndexOutOfBoundsException done
Event: 0.349 loading class gnu/io/RXTXPort$MonitorThread
Event: 0.349 loading class gnu/io/RXTXPort$MonitorThread done
Event: 0.350 Thread 0x000002828083f800 Thread added: 0x000002828083f800
Event: 0.366 loading class com/can/SendAndReceiveSerial$SerialWriter
Event: 0.366 loading class com/can/SendAndReceiveSerial$SerialWriter done
Event: 0.367 Thread 0x0000028280847800 Thread added: 0x0000028280847800
Event: 0.369 Thread 0x0000028280847800 Thread exited: 0x0000028280847800


Dynamic libraries:
0x00007ff6a4740000 - 0x00007ff6a4787000 	C:\Program Files\Java\jre1.8.0_271\bin\javaw.exe
0x00007fff0eca0000 - 0x00007fff0ee90000 	C:\Windows\SYSTEM32\ntdll.dll
0x00007fff0e380000 - 0x00007fff0e432000 	C:\Windows\System32\KERNEL32.DLL
0x00007fff0be90000 - 0x00007fff0c135000 	C:\Windows\System32\KERNELBASE.dll
0x00007fff0d810000 - 0x00007fff0d8b3000 	C:\Windows\System32\ADVAPI32.dll
0x00007fff0ebc0000 - 0x00007fff0ec5e000 	C:\Windows\System32\msvcrt.dll
0x00007fff0e130000 - 0x00007fff0e1c7000 	C:\Windows\System32\sechost.dll
0x00007fff0e920000 - 0x00007fff0ea40000 	C:\Windows\System32\RPCRT4.dll
0x00007fff0e1d0000 - 0x00007fff0e364000 	C:\Windows\System32\USER32.dll
0x00007fff0bde0000 - 0x00007fff0be01000 	C:\Windows\System32\win32u.dll
0x00007fff0ea40000 - 0x00007fff0ea66000 	C:\Windows\System32\GDI32.dll
0x00007fff0c210000 - 0x00007fff0c3a6000 	C:\Windows\System32\gdi32full.dll
0x00007fff0c170000 - 0x00007fff0c20e000 	C:\Windows\System32\msvcp_win.dll
0x00007fff0bc80000 - 0x00007fff0bd7a000 	C:\Windows\System32\ucrtbase.dll
0x00007ffefbc50000 - 0x00007ffefbed4000 	C:\Windows\WinSxS\amd64_microsoft.windows.common-controls_6595b64144ccf1df_6.0.18362.1139_none_9e7bf2d3e4605ac6\COMCTL32.dll
0x00007fff0d980000 - 0x00007fff0dcb5000 	C:\Windows\System32\combase.dll
0x00007fff0be10000 - 0x00007fff0be90000 	C:\Windows\System32\bcryptPrimitives.dll
0x00007fff0de70000 - 0x00007fff0de9e000 	C:\Windows\System32\IMM32.DLL
0x00007fff0a250000 - 0x00007fff0a265000 	C:\Program Files\Java\jre1.8.0_271\bin\vcruntime140.dll
0x00007ffef98e0000 - 0x00007ffef997b000 	C:\Program Files\Java\jre1.8.0_271\bin\msvcp140.dll
0x0000000072bf0000 - 0x000000007345f000 	C:\Program Files\Java\jre1.8.0_271\bin\server\jvm.dll
0x00007fff0e370000 - 0x00007fff0e378000 	C:\Windows\System32\PSAPI.DLL
0x00007fff098f0000 - 0x00007fff09914000 	C:\Windows\SYSTEM32\WINMM.dll
0x00007fff0a610000 - 0x00007fff0a61a000 	C:\Windows\SYSTEM32\VERSION.dll
0x00007ffefc710000 - 0x00007ffefc719000 	C:\Windows\SYSTEM32\WSOCK32.dll
0x00007fff0de00000 - 0x00007fff0de6f000 	C:\Windows\System32\WS2_32.dll
0x00007fff098c0000 - 0x00007fff098ed000 	C:\Windows\SYSTEM32\winmmbase.dll
0x00007fff0bc30000 - 0x00007fff0bc7a000 	C:\Windows\System32\cfgmgr32.dll
0x00007fff0bb70000 - 0x00007fff0bb81000 	C:\Windows\System32\kernel.appcore.dll
0x00007fff0a2b0000 - 0x00007fff0a2c0000 	C:\Program Files\Java\jre1.8.0_271\bin\verify.dll
0x00007ffefa430000 - 0x00007ffefa45b000 	C:\Program Files\Java\jre1.8.0_271\bin\java.dll
0x00007ffefa590000 - 0x00007ffefa5a8000 	C:\Program Files\Java\jre1.8.0_271\bin\zip.dll
0x00007fff0cf70000 - 0x00007fff0d657000 	C:\Windows\System32\SHELL32.dll
0x00007fff0d8d0000 - 0x00007fff0d979000 	C:\Windows\System32\shcore.dll
0x00007fff0c5d0000 - 0x00007fff0cd50000 	C:\Windows\System32\windows.storage.dll
0x00007fff0bc00000 - 0x00007fff0bc23000 	C:\Windows\System32\profapi.dll
0x00007fff0bb90000 - 0x00007fff0bbda000 	C:\Windows\System32\powrprof.dll
0x00007fff0bb60000 - 0x00007fff0bb70000 	C:\Windows\System32\UMPDC.dll
0x00007fff0ea70000 - 0x00007fff0eac2000 	C:\Windows\System32\shlwapi.dll
0x00007fff0c3b0000 - 0x00007fff0c3c7000 	C:\Windows\System32\cryptsp.dll
0x0000000180000000 - 0x0000000180025000 	C:\Program Files\Java\jre1.8.0_271\bin\rxtxSerial.dll
0x00007ffefc510000 - 0x00007ffefc704000 	C:\Windows\SYSTEM32\dbghelp.dll

VM Arguments:
jvm_args: -Dfile.encoding=UTF-8 
java_command: com.can.SendAndReceiveSerial
java_class_path (initial): C:\myGit\TIL\bigdata-iot\network\can\bin;C:\Users\i\Downloads\mfz-rxtx-2.2-20081207-win-x64\mfz-rxtx-2.2-20081207-win-x64\RXTXcomm.jar
Launcher Type: SUN_STANDARD

Environment Variables:
PATH=C:/Program Files/Java/jre1.8.0_271/bin/server;C:/Program Files/Java/jre1.8.0_271/bin;C:/Program Files/Java/jre1.8.0_271/lib/amd64;C:\oraclexe\app\oracle\product\11.2.0\server\bin;C:\Program Files (x86)\Common Files\Oracle\Java\javapath;C:\Windows\system32;C:\Windows;C:\Windows\System32\Wbem;C:\Windows\System32\WindowsPowerShell\v1.0\;C:\Windows\System32\OpenSSH\;C:\Program Files\Git\cmd;C:\Program Files\PuTTY\;C:\Users\i\AppData\Local\Microsoft\WindowsApps;;C:\Users\i\AppData\Local\Programs\Microsoft VS Code\bin;C:\eclipse;
USERNAME=i
OS=Windows_NT
PROCESSOR_IDENTIFIER=AMD64 Family 23 Model 24 Stepping 1, AuthenticAMD



---------------  S Y S T E M  ---------------

OS: Windows 10.0 , 64 bit Build 18362 (10.0.18362.1110)

CPU:total 8 (initial active 8) (8 cores per cpu, 1 threads per core) family 23 model 24 stepping 1, cmov, cx8, fxsr, mmx, sse, sse2, sse3, ssse3, sse4.1, sse4.2, popcnt, avx, avx2, aes, clmul, mmxext, 3dnowpref, lzcnt, sse4a, tsc, tscinvbit, tscinv, bmi1

Memory: 4k page, physical 14627788k(8209452k free), swap 16856012k(7755344k free)

vm_info: Java HotSpot(TM) 64-Bit Server VM (25.271-b09) for windows-amd64 JRE (1.8.0_271-b09), built on Sep 16 2020 19:14:59 by "" with MS VC++ 15.9 (VS2017)

time: Wed Nov  4 15:24:11 2020
timezone: ¢¥eCN©öI¡¾©ö C¡ÍA¨ª¨öA
elapsed time: 0.391177 seconds (0d 0h 0m 0s)

