#
# A fatal error has been detected by the Java Runtime Environment:
#
#  EXCEPTION_ACCESS_VIOLATION (0xc0000005) at pc=0x0000000180005b00, pid=10768, tid=0x0000000000002018
#
# JRE version: Java(TM) SE Runtime Environment (8.0_271-b09) (build 1.8.0_271-b09)
# Java VM: Java HotSpot(TM) 64-Bit Server VM (25.271-b09 mixed mode windows-amd64 compressed oops)
# Problematic frame:
# C  [rxtxSerial.dll+0x5b00]
#
# Failed to write core dump. Minidumps are not enabled by default on client versions of Windows
#
# If you would like to submit a bug report, please visit:
#   http://bugreport.java.com/bugreport/crash.jsp
# The crash happened outside the Java Virtual Machine in native code.
# See problematic frame for where to report the bug.
#

---------------  T H R E A D  ---------------

Current thread (0x00000144217a3000):  JavaThread "Thread-0" [_thread_in_native, id=8216, stack(0x0000003782400000,0x0000003782500000)]

siginfo: ExceptionCode=0xc0000005, reading address 0xffffffff824fefb8

Registers:
RAX=0x0000000000000001, RBX=0x0000000000000000, RCX=0x000000018001d4d5, RDX=0xfffffffffffff665
RSP=0x00000037824fe450, RBP=0x00000000ffffffff, RSI=0x0000000000000000, RDI=0x00000144217a31f8
R8 =0x0000000000000002, R9 =0xfffffffffffff63c, R10=0x0000000000000000, R11=0x8101010101010100
R12=0xffffffff824fefb0, R13=0x0000000000000007, R14=0x00000037824fe630, R15=0x0000000000000000
RIP=0x0000000180005b00, EFLAGS=0x0000000000010202

Top of Stack: (sp=0x00000037824fe450)
0x00000037824fe450:   0000000000000000 ffffffff824fefb0
0x00000037824fe460:   0000000000000000 0000000000000000
0x00000037824fe470:   0000000000000000 00000037824fe630
0x00000037824fe480:   000001441f25bcb0 0000000000000001
0x00000037824fe490:   00000144217a31f8 0000000000000007
0x00000037824fe4a0:   ffffffffffffffff 0000000180006211
0x00000037824fe4b0:   00000144203a8f90 ffffffffffffffff
0x00000037824fe4c0:   0000000000000001 00000144203a8f90
0x00000037824fe4d0:   0000014400000007 00000037ffffffff
0x00000037824fe4e0:   00000037824fe638 0000000053f832cb
0x00000037824fe4f0:   00000037824fe520 0000000000000000
0x00000037824fe500:   00000144217a3000 00000144203e0f30
0x00000037824fe510:   000001441f25bcb8 00000144217a3000
0x00000037824fe520:   000001441f25bcb8 0000b2413a12fd3a
0x00000037824fe530:   00000000000005f5 000001441f25bcb0
0x00000037824fe540:   00000144217a3000 00000037824fe638 

Instructions: (pc=0x0000000180005b00)
0x0000000180005ae0:   15 23 7a 01 00 48 8d 48 60 e8 3a 5d 00 00 4c 8b
0x0000000180005af0:   e5 8b ac 24 88 00 00 00 44 8b ac 24 80 00 00 00
0x0000000180005b00:   45 8b 74 24 08 41 89 5c 24 08 41 8b fd 85 ed 78
0x0000000180005b10:   09 ff 15 e9 14 01 00 44 8b f8 45 85 ed 7e 4a 90 


Register to memory mapping:

RAX=0x0000000000000001 is an unknown value
RBX=0x0000000000000000 is an unknown value
RCX=0x000000018001d4d5 is an unknown value
RDX=0xfffffffffffff665 is an unknown value
RSP=0x00000037824fe450 is pointing into the stack for thread: 0x00000144217a3000
RBP=0x00000000ffffffff is an unknown value
RSI=0x0000000000000000 is an unknown value
RDI=0x00000144217a31f8 is an unknown value
R8 =0x0000000000000002 is an unknown value
R9 =0xfffffffffffff63c is an unknown value
R10=0x0000000000000000 is an unknown value
R11=0x8101010101010100 is an unknown value
R12=0xffffffff824fefb0 is an unknown value
R13=0x0000000000000007 is an unknown value
R14=0x00000037824fe630 is pointing into the stack for thread: 0x00000144217a3000
R15=0x0000000000000000 is an unknown value


Stack: [0x0000003782400000,0x0000003782500000],  sp=0x00000037824fe450,  free space=1017k
Native frames: (J=compiled Java code, j=interpreted, Vv=VM code, C=native code)
C  [rxtxSerial.dll+0x5b00]
C  [rxtxSerial.dll+0x6211]
C  0x000001440785990e

Java frames: (J=compiled Java code, j=interpreted, Vv=VM code)
j  gnu.io.RXTXPort.readArray([BII)I+0
j  gnu.io.RXTXPort$SerialInputStream.read([BII)I+212
j  java.io.BufferedInputStream.fill()V+214
j  java.io.BufferedInputStream.read1([BII)I+44
j  java.io.BufferedInputStream.read([BII)I+49
j  java.io.FilterInputStream.read([B)I+5
j  com.can.SendAndReceiveSerial.serialEvent(Lgnu/io/SerialPortEvent;)V+77
j  gnu.io.RXTXPort.sendEvent(IZ)Z+382
v  ~StubRoutines::call_stub
j  gnu.io.RXTXPort.eventLoop()V+0
j  gnu.io.RXTXPort$MonitorThread.run()V+12
v  ~StubRoutines::call_stub

---------------  P R O C E S S  ---------------

Java Threads: ( => current thread )
=>0x00000144217a3000 JavaThread "Thread-0" [_thread_in_native, id=8216, stack(0x0000003782400000,0x0000003782500000)]
  0x00000144216c8000 JavaThread "Service Thread" daemon [_thread_blocked, id=10632, stack(0x0000003782200000,0x0000003782300000)]
  0x00000144203ea000 JavaThread "C1 CompilerThread3" daemon [_thread_blocked, id=5972, stack(0x0000003782100000,0x0000003782200000)]
  0x00000144203dd000 JavaThread "C2 CompilerThread2" daemon [_thread_blocked, id=11948, stack(0x0000003782000000,0x0000003782100000)]
  0x00000144203da000 JavaThread "C2 CompilerThread1" daemon [_thread_blocked, id=12832, stack(0x0000003781f00000,0x0000003782000000)]
  0x00000144203cd800 JavaThread "C2 CompilerThread0" daemon [_thread_blocked, id=9132, stack(0x0000003781e00000,0x0000003781f00000)]
  0x000001442037d800 JavaThread "Attach Listener" daemon [_thread_blocked, id=9388, stack(0x0000003781d00000,0x0000003781e00000)]
  0x000001442037c800 JavaThread "Signal Dispatcher" daemon [_thread_blocked, id=13140, stack(0x0000003781c00000,0x0000003781d00000)]
  0x000001442034f800 JavaThread "Finalizer" daemon [_thread_blocked, id=8100, stack(0x0000003781b00000,0x0000003781c00000)]
  0x000001441f744000 JavaThread "Reference Handler" daemon [_thread_blocked, id=12716, stack(0x0000003781a00000,0x0000003781b00000)]
  0x0000014405e83000 JavaThread "main" [_thread_blocked, id=9588, stack(0x0000003781000000,0x0000003781100000)]

Other Threads:
  0x0000014420322000 VMThread [stack: 0x0000003781900000,0x0000003781a00000] [id=3380]
  0x00000144216d1000 WatcherThread [stack: 0x0000003782300000,0x0000003782400000] [id=1064]

VM state:not at safepoint (normal execution)

VM Mutex/Monitor currently owned by a thread: None

heap address: 0x00000006e0c00000, size: 3572 MB, Compressed Oops mode: Zero based, Oop shift amount: 3
Narrow klass base: 0x0000000000000000, Narrow klass shift: 3
Compressed class space size: 1073741824 Address: 0x00000007c0000000

Heap:
 PSYoungGen      total 67072K, used 5785K [0x0000000775980000, 0x000000077a400000, 0x00000007c0000000)
  eden space 57856K, 10% used [0x0000000775980000,0x0000000775f26700,0x0000000779200000)
  from space 9216K, 0% used [0x0000000779b00000,0x0000000779b00000,0x000000077a400000)
  to   space 9216K, 0% used [0x0000000779200000,0x0000000779200000,0x0000000779b00000)
 ParOldGen       total 153088K, used 0K [0x00000006e0c00000, 0x00000006ea180000, 0x0000000775980000)
  object space 153088K, 0% used [0x00000006e0c00000,0x00000006e0c00000,0x00000006ea180000)
 Metaspace       used 3525K, capacity 4740K, committed 4864K, reserved 1056768K
  class space    used 397K, capacity 428K, committed 512K, reserved 1048576K

Card table byte_map: [0x0000014416c00000,0x0000014417300000] byte_map_base: 0x00000144134fa000

Marking Bits: (ParMarkBitMap*) 0x00000000546a7fe0
 Begin Bits: [0x00000144177b0000, 0x000001441af80000)
 End Bits:   [0x000001441af80000, 0x000001441e750000)

Polling page: 0x0000014405e20000

CodeCache: size=245760Kb used=1279Kb max_used=1279Kb free=244480Kb
 bounds [0x0000014407840000, 0x0000014407ab0000, 0x0000014416840000]
 total_blobs=347 nmethods=100 adapters=161
 compilation: enabled

Compilation events (10 events):
Event: 0.369 Thread 0x00000144203ea000   96   !   3       java.util.concurrent.ConcurrentHashMap::putVal (362 bytes)
Event: 0.370 Thread 0x00000144203ea000 nmethod 96 0x000001440797c690 code [0x000001440797c940, 0x000001440797e320]
Event: 0.421 Thread 0x00000144203ea000   97       1       java.net.URL::getQuery (5 bytes)
Event: 0.421 Thread 0x00000144203ea000 nmethod 97 0x000001440797ef90 code [0x000001440797f0e0, 0x000001440797f1f8]
Event: 0.421 Thread 0x00000144203ea000   98       1       java.lang.CharacterDataLatin1::getProperties (11 bytes)
Event: 0.421 Thread 0x00000144203ea000 nmethod 98 0x000001440797f250 code [0x000001440797f3a0, 0x000001440797f4f8]
Event: 0.428 Thread 0x00000144203ea000   99  s    1       java.util.Vector::size (5 bytes)
Event: 0.428 Thread 0x00000144203ea000 nmethod 99 0x000001440797f5d0 code [0x000001440797f720, 0x000001440797f998]
Event: 0.439 Thread 0x00000144203ea000  100       3       java.lang.String::indexOf (7 bytes)
Event: 0.439 Thread 0x00000144203ea000 nmethod 100 0x000001440797fa10 code [0x000001440797fb80, 0x000001440797fe10]

GC Heap History (0 events):
No events

Deoptimization events (0 events):
No events

Classes redefined (0 events):
No events

Internal exceptions (8 events):
Event: 0.030 Thread 0x0000014405e83000 Exception <a 'java/lang/NoSuchMethodError': Method sun.misc.Unsafe.defineClass(Ljava/lang/String;[BII)Ljava/lang/Class; name or signature does not match> (0x0000000775987cc0) thrown at [C:\jenkins\workspace\8-2-build-windows-amd64-cygwin\jdk8u271\605\hots
Event: 0.030 Thread 0x0000014405e83000 Exception <a 'java/lang/NoSuchMethodError': Method sun.misc.Unsafe.prefetchRead(Ljava/lang/Object;J)V name or signature does not match> (0x0000000775987fa8) thrown at [C:\jenkins\workspace\8-2-build-windows-amd64-cygwin\jdk8u271\605\hotspot\src\share\vm\p
Event: 0.113 Thread 0x0000014405e83000 Exception <a 'java/io/FileNotFoundException'> (0x0000000775a7bd08) thrown at [C:\jenkins\workspace\8-2-build-windows-amd64-cygwin\jdk8u271\605\hotspot\src\share\vm\prims\jni.cpp, line 710]
Event: 0.346 Thread 0x0000014405e83000 Exception <a 'java/io/FileNotFoundException'> (0x0000000775a923b0) thrown at [C:\jenkins\workspace\8-2-build-windows-amd64-cygwin\jdk8u271\605\hotspot\src\share\vm\prims\jni.cpp, line 710]
Event: 0.357 Thread 0x0000014405e83000 Exception <a 'java/security/PrivilegedActionException'> (0x0000000775be0ad8) thrown at [C:\jenkins\workspace\8-2-build-windows-amd64-cygwin\jdk8u271\605\hotspot\src\share\vm\prims\jvm.cpp, line 1512]
Event: 0.357 Thread 0x0000014405e83000 Exception <a 'java/security/PrivilegedActionException'> (0x0000000775be0ed0) thrown at [C:\jenkins\workspace\8-2-build-windows-amd64-cygwin\jdk8u271\605\hotspot\src\share\vm\prims\jvm.cpp, line 1512]
Event: 0.358 Thread 0x0000014405e83000 Exception <a 'java/security/PrivilegedActionException'> (0x0000000775be4d28) thrown at [C:\jenkins\workspace\8-2-build-windows-amd64-cygwin\jdk8u271\605\hotspot\src\share\vm\prims\jvm.cpp, line 1512]
Event: 0.358 Thread 0x0000014405e83000 Exception <a 'java/security/PrivilegedActionException'> (0x0000000775be5120) thrown at [C:\jenkins\workspace\8-2-build-windows-amd64-cygwin\jdk8u271\605\hotspot\src\share\vm\prims\jvm.cpp, line 1512]

Events (10 events):
Event: 0.369 loading class java/lang/NumberFormatException done
Event: 0.369 loading class java/lang/IndexOutOfBoundsException
Event: 0.369 loading class java/lang/IndexOutOfBoundsException done
Event: 0.421 loading class gnu/io/RXTXPort$MonitorThread
Event: 0.421 loading class gnu/io/RXTXPort$MonitorThread done
Event: 0.422 Thread 0x00000144217a3000 Thread added: 0x00000144217a3000
Event: 0.439 loading class com/can/SendAndReceiveSerial$SerialWriter
Event: 0.439 loading class com/can/SendAndReceiveSerial$SerialWriter done
Event: 0.440 Thread 0x00000144217a4800 Thread added: 0x00000144217a4800
Event: 0.442 Thread 0x00000144217a4800 Thread exited: 0x00000144217a4800


Dynamic libraries:
0x00007ff7e8790000 - 0x00007ff7e87d7000 	C:\Program Files\Java\jre1.8.0_271\bin\javaw.exe
0x00007ffaad6c0000 - 0x00007ffaad8b0000 	C:\Windows\SYSTEM32\ntdll.dll
0x00007ffaaca40000 - 0x00007ffaacaf2000 	C:\Windows\System32\KERNEL32.DLL
0x00007ffaaa650000 - 0x00007ffaaa8f5000 	C:\Windows\System32\KERNELBASE.dll
0x00007ffaacb70000 - 0x00007ffaacc13000 	C:\Windows\System32\ADVAPI32.dll
0x00007ffaad530000 - 0x00007ffaad5ce000 	C:\Windows\System32\msvcrt.dll
0x00007ffaac590000 - 0x00007ffaac627000 	C:\Windows\System32\sechost.dll
0x00007ffaac3f0000 - 0x00007ffaac510000 	C:\Windows\System32\RPCRT4.dll
0x00007ffaab770000 - 0x00007ffaab904000 	C:\Windows\System32\USER32.dll
0x00007ffaab6f0000 - 0x00007ffaab711000 	C:\Windows\System32\win32u.dll
0x00007ffaac6a0000 - 0x00007ffaac6c6000 	C:\Windows\System32\GDI32.dll
0x00007ffaaaa20000 - 0x00007ffaaabb6000 	C:\Windows\System32\gdi32full.dll
0x00007ffaab650000 - 0x00007ffaab6ee000 	C:\Windows\System32\msvcp_win.dll
0x00007ffaaa900000 - 0x00007ffaaa9fa000 	C:\Windows\System32\ucrtbase.dll
0x00007ffa9a690000 - 0x00007ffa9a914000 	C:\Windows\WinSxS\amd64_microsoft.windows.common-controls_6595b64144ccf1df_6.0.18362.1139_none_9e7bf2d3e4605ac6\COMCTL32.dll
0x00007ffaac700000 - 0x00007ffaaca35000 	C:\Windows\System32\combase.dll
0x00007ffaaabc0000 - 0x00007ffaaac40000 	C:\Windows\System32\bcryptPrimitives.dll
0x00007ffaac6d0000 - 0x00007ffaac6fe000 	C:\Windows\System32\IMM32.DLL
0x00007ffa8e9e0000 - 0x00007ffa8e9f5000 	C:\Program Files\Java\jre1.8.0_271\bin\vcruntime140.dll
0x00007ffa86110000 - 0x00007ffa861ab000 	C:\Program Files\Java\jre1.8.0_271\bin\msvcp140.dll
0x0000000053eb0000 - 0x000000005471f000 	C:\Program Files\Java\jre1.8.0_271\bin\server\jvm.dll
0x00007ffaab910000 - 0x00007ffaab918000 	C:\Windows\System32\PSAPI.DLL
0x00007ffa9b020000 - 0x00007ffa9b029000 	C:\Windows\SYSTEM32\WSOCK32.dll
0x00007ffaacb00000 - 0x00007ffaacb6f000 	C:\Windows\System32\WS2_32.dll
0x00007ffaa8260000 - 0x00007ffaa8284000 	C:\Windows\SYSTEM32\WINMM.dll
0x00007ffaa9030000 - 0x00007ffaa903a000 	C:\Windows\SYSTEM32\VERSION.dll
0x00007ffaa8100000 - 0x00007ffaa812d000 	C:\Windows\SYSTEM32\WINMMBASE.dll
0x00007ffaab720000 - 0x00007ffaab76a000 	C:\Windows\System32\cfgmgr32.dll
0x00007ffaaa590000 - 0x00007ffaaa5a1000 	C:\Windows\System32\kernel.appcore.dll
0x00007ffaa65e0000 - 0x00007ffaa65f0000 	C:\Program Files\Java\jre1.8.0_271\bin\verify.dll
0x00007ffa94ab0000 - 0x00007ffa94adb000 	C:\Program Files\Java\jre1.8.0_271\bin\java.dll
0x00007ffa94a90000 - 0x00007ffa94aa8000 	C:\Program Files\Java\jre1.8.0_271\bin\zip.dll
0x00007ffaacc80000 - 0x00007ffaad367000 	C:\Windows\System32\SHELL32.dll
0x00007ffaabbe0000 - 0x00007ffaabc89000 	C:\Windows\System32\shcore.dll
0x00007ffaaadc0000 - 0x00007ffaab540000 	C:\Windows\System32\windows.storage.dll
0x00007ffaaa620000 - 0x00007ffaaa643000 	C:\Windows\System32\profapi.dll
0x00007ffaaa5b0000 - 0x00007ffaaa5fa000 	C:\Windows\System32\powrprof.dll
0x00007ffaaa580000 - 0x00007ffaaa590000 	C:\Windows\System32\UMPDC.dll
0x00007ffaac390000 - 0x00007ffaac3e2000 	C:\Windows\System32\shlwapi.dll
0x00007ffaaaa00000 - 0x00007ffaaaa17000 	C:\Windows\System32\cryptsp.dll
0x0000000180000000 - 0x0000000180025000 	C:\Program Files\Java\jre1.8.0_271\bin\rxtxSerial.dll
0x00007ffa9ad90000 - 0x00007ffa9af84000 	C:\Windows\SYSTEM32\dbghelp.dll

VM Arguments:
jvm_args: -Dfile.encoding=UTF-8 
java_command: com.can.SendAndReceiveSerial
java_class_path (initial): C:\myGit\TIL\bigdata-iot\network\can\bin;C:\Program Files\Java\jre1.8.0_271\lib\RXTXcomm.jar
Launcher Type: SUN_STANDARD

Environment Variables:
PATH=C:/Program Files/Java/jre1.8.0_271/bin/server;C:/Program Files/Java/jre1.8.0_271/bin;C:/Program Files/Java/jre1.8.0_271/lib/amd64;C:\oraclexe\app\oracle\product\11.2.0\server\bin;C:\Program Files (x86)\Common Files\Oracle\Java\javapath;C:\Windows\system32;C:\Windows;C:\Windows\System32\Wbem;C:\Windows\System32\WindowsPowerShell\v1.0\;C:\Windows\System32\OpenSSH\;C:\Program Files\Git\cmd;C:\Program Files\PuTTY\;C:\Users\i\AppData\Local\Microsoft\WindowsApps;;C:\Users\i\AppData\Local\Programs\Microsoft VS Code\bin;C:\eclipse;
USERNAME=i
OS=Windows_NT
PROCESSOR_IDENTIFIER=AMD64 Family 23 Model 24 Stepping 1, AuthenticAMD



---------------  S Y S T E M  ---------------

OS: Windows 10.0 , 64 bit Build 18362 (10.0.18362.1110)

CPU:total 8 (initial active 8) (8 cores per cpu, 1 threads per core) family 23 model 24 stepping 1, cmov, cx8, fxsr, mmx, sse, sse2, sse3, ssse3, sse4.1, sse4.2, popcnt, avx, avx2, aes, clmul, mmxext, 3dnowpref, lzcnt, sse4a, tsc, tscinvbit, tscinv, bmi1

Memory: 4k page, physical 14627788k(10704660k free), swap 16856012k(11477384k free)

vm_info: Java HotSpot(TM) 64-Bit Server VM (25.271-b09) for windows-amd64 JRE (1.8.0_271-b09), built on Sep 16 2020 19:14:59 by "" with MS VC++ 15.9 (VS2017)

time: Wed Nov  4 15:45:25 2020
timezone: ¢¥eCN©öI¡¾©ö C¡ÍA¨ª¨öA
elapsed time: 0.461948 seconds (0d 0h 0m 0s)

