#
# A fatal error has been detected by the Java Runtime Environment:
#
#  EXCEPTION_ACCESS_VIOLATION (0xc0000005) at pc=0x0000000180005b00, pid=11888, tid=0x0000000000003b98
#
# JRE version: Java(TM) SE Runtime Environment (8.0_271-b09) (build 1.8.0_271-b09)
# Java VM: Java HotSpot(TM) 64-Bit Server VM (25.271-b09 mixed mode windows-amd64 compressed oops)
# Problematic frame:
# C  [rxtxSerial.dll+0x5b00]
#
# Failed to write core dump. Minidumps are not enabled by default on client versions of Windows
#
# If you would like to submit a bug report, please visit:
#   http://bugreport.java.com/bugreport/crash.jsp
# The crash happened outside the Java Virtual Machine in native code.
# See problematic frame for where to report the bug.
#

---------------  T H R E A D  ---------------

Current thread (0x0000019aeca4d800):  JavaThread "Thread-0" [_thread_in_native, id=15256, stack(0x00000064e1100000,0x00000064e1200000)]

siginfo: ExceptionCode=0xc0000005, reading address 0xffffffffe11ff2a8

Registers:
RAX=0x0000000000000001, RBX=0x0000000000000000, RCX=0x000000018001d4d5, RDX=0xfffffffffffff665
RSP=0x00000064e11fe740, RBP=0x00000000ffffffff, RSI=0x0000000000000000, RDI=0x0000019aeca4d9f8
R8 =0x0000000000000002, R9 =0xfffffffffffff63c, R10=0x0000000000000000, R11=0x8101010101010100
R12=0xffffffffe11ff2a0, R13=0x0000000000000007, R14=0x00000064e11fe920, R15=0x0000000000000000
RIP=0x0000000180005b00, EFLAGS=0x0000000000010202

Top of Stack: (sp=0x00000064e11fe740)
0x00000064e11fe740:   0000000000000000 ffffffffe11ff2a0
0x00000064e11fe750:   0000000000000000 0000000000000000
0x00000064e11fe760:   0000000000000000 00000064e11fe920
0x00000064e11fe770:   0000019aeb8dbcb8 0000000000000001
0x00000064e11fe780:   0000019aeca4d9f8 0000000000000007
0x00000064e11fe790:   ffffffffffffffff 0000000180006211
0x00000064e11fe7a0:   0000019aeca20520 ffffffffffffffff
0x00000064e11fe7b0:   0000000000000001 0000019aeca20520
0x00000064e11fe7c0:   0000019a00000007 00000064ffffffff
0x00000064e11fe7d0:   00000064e11fe928 0000000072cc32cb
0x00000064e11fe7e0:   00000064e11fe810 0000000000000000
0x00000064e11fe7f0:   0000019aeca4d800 0000019aeca6a1e0
0x00000064e11fe800:   0000019aeb8dbcc0 0000019aeca4d800
0x00000064e11fe810:   0000019aeb8dbcc0 0000b219d0ab1d75
0x00000064e11fe820:   00000000000005ea 0000019aeb8dbcb8
0x00000064e11fe830:   0000019aeca4d800 00000064e11fe928 

Instructions: (pc=0x0000000180005b00)
0x0000000180005ae0:   15 23 7a 01 00 48 8d 48 60 e8 3a 5d 00 00 4c 8b
0x0000000180005af0:   e5 8b ac 24 88 00 00 00 44 8b ac 24 80 00 00 00
0x0000000180005b00:   45 8b 74 24 08 41 89 5c 24 08 41 8b fd 85 ed 78
0x0000000180005b10:   09 ff 15 e9 14 01 00 44 8b f8 45 85 ed 7e 4a 90 


Register to memory mapping:

RAX=0x0000000000000001 is an unknown value
RBX=0x0000000000000000 is an unknown value
RCX=0x000000018001d4d5 is an unknown value
RDX=0xfffffffffffff665 is an unknown value
RSP=0x00000064e11fe740 is pointing into the stack for thread: 0x0000019aeca4d800
RBP=0x00000000ffffffff is an unknown value
RSI=0x0000000000000000 is an unknown value
RDI=0x0000019aeca4d9f8 is an unknown value
R8 =0x0000000000000002 is an unknown value
R9 =0xfffffffffffff63c is an unknown value
R10=0x0000000000000000 is an unknown value
R11=0x8101010101010100 is an unknown value
R12=0xffffffffe11ff2a0 is an unknown value
R13=0x0000000000000007 is an unknown value
R14=0x00000064e11fe920 is pointing into the stack for thread: 0x0000019aeca4d800
R15=0x0000000000000000 is an unknown value


Stack: [0x00000064e1100000,0x00000064e1200000],  sp=0x00000064e11fe740,  free space=1017k
Native frames: (J=compiled Java code, j=interpreted, Vv=VM code, C=native code)
C  [rxtxSerial.dll+0x5b00]
C  [rxtxSerial.dll+0x6211]
C  0x0000019ad3ed990e

Java frames: (J=compiled Java code, j=interpreted, Vv=VM code)
j  gnu.io.RXTXPort.readArray([BII)I+0
j  gnu.io.RXTXPort$SerialInputStream.read([BII)I+212
j  java.io.BufferedInputStream.fill()V+214
j  java.io.BufferedInputStream.read1([BII)I+44
j  java.io.BufferedInputStream.read([BII)I+49
j  java.io.FilterInputStream.read([B)I+5
j  com.can.SendAndReceiveSerial.serialEvent(Lgnu/io/SerialPortEvent;)V+77
j  gnu.io.RXTXPort.sendEvent(IZ)Z+382
v  ~StubRoutines::call_stub
j  gnu.io.RXTXPort.eventLoop()V+0
j  gnu.io.RXTXPort$MonitorThread.run()V+12
v  ~StubRoutines::call_stub

---------------  P R O C E S S  ---------------

Java Threads: ( => current thread )
=>0x0000019aeca4d800 JavaThread "Thread-0" [_thread_in_native, id=15256, stack(0x00000064e1100000,0x00000064e1200000)]
  0x0000019aeca52800 JavaThread "Service Thread" daemon [_thread_blocked, id=8812, stack(0x00000064e0f00000,0x00000064e1000000)]
  0x0000019aeca51000 JavaThread "C1 CompilerThread3" daemon [_thread_blocked, id=7952, stack(0x00000064e0e00000,0x00000064e0f00000)]
  0x0000019aeca50800 JavaThread "C2 CompilerThread2" daemon [_thread_blocked, id=14296, stack(0x00000064e0d00000,0x00000064e0e00000)]
  0x0000019aeca4a800 JavaThread "C2 CompilerThread1" daemon [_thread_blocked, id=13680, stack(0x00000064e0c00000,0x00000064e0d00000)]
  0x0000019aeca42800 JavaThread "C2 CompilerThread0" daemon [_thread_blocked, id=15908, stack(0x00000064e0b00000,0x00000064e0c00000)]
  0x0000019aeca3c800 JavaThread "Attach Listener" daemon [_thread_blocked, id=15648, stack(0x00000064e0a00000,0x00000064e0b00000)]
  0x0000019aec9ee000 JavaThread "Signal Dispatcher" daemon [_thread_blocked, id=15884, stack(0x00000064e0900000,0x00000064e0a00000)]
  0x0000019aec9c0000 JavaThread "Finalizer" daemon [_thread_blocked, id=16164, stack(0x00000064e0800000,0x00000064e0900000)]
  0x0000019aebdca000 JavaThread "Reference Handler" daemon [_thread_blocked, id=16328, stack(0x00000064e0700000,0x00000064e0800000)]
  0x0000019ad2544000 JavaThread "main" [_thread_blocked, id=15872, stack(0x00000064dfd00000,0x00000064dfe00000)]

Other Threads:
  0x0000019aec993000 VMThread [stack: 0x00000064e0600000,0x00000064e0700000] [id=15860]
  0x0000019aedd38800 WatcherThread [stack: 0x00000064e1000000,0x00000064e1100000] [id=15852]

VM state:not at safepoint (normal execution)

VM Mutex/Monitor currently owned by a thread: None

heap address: 0x00000006e0c00000, size: 3572 MB, Compressed Oops mode: Zero based, Oop shift amount: 3
Narrow klass base: 0x0000000000000000, Narrow klass shift: 3
Compressed class space size: 1073741824 Address: 0x00000007c0000000

Heap:
 PSYoungGen      total 67072K, used 5785K [0x0000000775980000, 0x000000077a400000, 0x00000007c0000000)
  eden space 57856K, 10% used [0x0000000775980000,0x0000000775f26700,0x0000000779200000)
  from space 9216K, 0% used [0x0000000779b00000,0x0000000779b00000,0x000000077a400000)
  to   space 9216K, 0% used [0x0000000779200000,0x0000000779200000,0x0000000779b00000)
 ParOldGen       total 153088K, used 0K [0x00000006e0c00000, 0x00000006ea180000, 0x0000000775980000)
  object space 153088K, 0% used [0x00000006e0c00000,0x00000006e0c00000,0x00000006ea180000)
 Metaspace       used 3525K, capacity 4740K, committed 4864K, reserved 1056768K
  class space    used 397K, capacity 428K, committed 512K, reserved 1048576K

Card table byte_map: [0x0000019ae3280000,0x0000019ae3980000] byte_map_base: 0x0000019adfb7a000

Marking Bits: (ParMarkBitMap*) 0x00000000733e7fe0
 Begin Bits: [0x0000019ae3e30000, 0x0000019ae7600000)
 End Bits:   [0x0000019ae7600000, 0x0000019aeadd0000)

Polling page: 0x0000019ad2500000

CodeCache: size=245760Kb used=1286Kb max_used=1298Kb free=244473Kb
 bounds [0x0000019ad3ec0000, 0x0000019ad4130000, 0x0000019ae2ec0000]
 total_blobs=349 nmethods=102 adapters=161
 compilation: enabled

Compilation events (10 events):
Event: 0.300 Thread 0x0000019aeca51000   98   !   3       java.util.concurrent.ConcurrentHashMap::putVal (362 bytes)
Event: 0.301 Thread 0x0000019aeca51000 nmethod 98 0x0000019ad3ffe6d0 code [0x0000019ad3ffe980, 0x0000019ad4000360]
Event: 0.349 Thread 0x0000019aeca51000   99       1       java.net.URL::getQuery (5 bytes)
Event: 0.349 Thread 0x0000019aeca51000 nmethod 99 0x0000019ad4000fd0 code [0x0000019ad4001120, 0x0000019ad4001238]
Event: 0.355 Thread 0x0000019aeca51000  100  s    1       java.util.Vector::size (5 bytes)
Event: 0.356 Thread 0x0000019aeca51000 nmethod 100 0x0000019ad4001290 code [0x0000019ad40013e0, 0x0000019ad4001658]
Event: 0.366 Thread 0x0000019aeca51000  101       3       java.lang.String::indexOf (7 bytes)
Event: 0.366 Thread 0x0000019aeca51000 nmethod 101 0x0000019ad40016d0 code [0x0000019ad4001840, 0x0000019ad4001ad0]
Event: 0.366 Thread 0x0000019aeca42800  102       4       java.lang.String::indexOf (70 bytes)
Event: 0.368 Thread 0x0000019aeca42800 nmethod 102 0x0000019ad4004a10 code [0x0000019ad4004b60, 0x0000019ad4004d18]

GC Heap History (0 events):
No events

Deoptimization events (0 events):
No events

Classes redefined (0 events):
No events

Internal exceptions (8 events):
Event: 0.026 Thread 0x0000019ad2544000 Exception <a 'java/lang/NoSuchMethodError': Method sun.misc.Unsafe.defineClass(Ljava/lang/String;[BII)Ljava/lang/Class; name or signature does not match> (0x0000000775987cc0) thrown at [C:\jenkins\workspace\8-2-build-windows-amd64-cygwin\jdk8u271\605\hots
Event: 0.026 Thread 0x0000019ad2544000 Exception <a 'java/lang/NoSuchMethodError': Method sun.misc.Unsafe.prefetchRead(Ljava/lang/Object;J)V name or signature does not match> (0x0000000775987fa8) thrown at [C:\jenkins\workspace\8-2-build-windows-amd64-cygwin\jdk8u271\605\hotspot\src\share\vm\p
Event: 0.107 Thread 0x0000019ad2544000 Exception <a 'java/io/FileNotFoundException'> (0x0000000775a7ee48) thrown at [C:\jenkins\workspace\8-2-build-windows-amd64-cygwin\jdk8u271\605\hotspot\src\share\vm\prims\jni.cpp, line 710]
Event: 0.269 Thread 0x0000019ad2544000 Exception <a 'java/io/FileNotFoundException'> (0x0000000775a954f0) thrown at [C:\jenkins\workspace\8-2-build-windows-amd64-cygwin\jdk8u271\605\hotspot\src\share\vm\prims\jni.cpp, line 710]
Event: 0.284 Thread 0x0000019ad2544000 Exception <a 'java/security/PrivilegedActionException'> (0x0000000775be38d8) thrown at [C:\jenkins\workspace\8-2-build-windows-amd64-cygwin\jdk8u271\605\hotspot\src\share\vm\prims\jvm.cpp, line 1512]
Event: 0.284 Thread 0x0000019ad2544000 Exception <a 'java/security/PrivilegedActionException'> (0x0000000775be3cd0) thrown at [C:\jenkins\workspace\8-2-build-windows-amd64-cygwin\jdk8u271\605\hotspot\src\share\vm\prims\jvm.cpp, line 1512]
Event: 0.285 Thread 0x0000019ad2544000 Exception <a 'java/security/PrivilegedActionException'> (0x0000000775be7b28) thrown at [C:\jenkins\workspace\8-2-build-windows-amd64-cygwin\jdk8u271\605\hotspot\src\share\vm\prims\jvm.cpp, line 1512]
Event: 0.285 Thread 0x0000019ad2544000 Exception <a 'java/security/PrivilegedActionException'> (0x0000000775be7f20) thrown at [C:\jenkins\workspace\8-2-build-windows-amd64-cygwin\jdk8u271\605\hotspot\src\share\vm\prims\jvm.cpp, line 1512]

Events (10 events):
Event: 0.299 loading class java/lang/NumberFormatException done
Event: 0.300 loading class java/lang/IndexOutOfBoundsException
Event: 0.300 loading class java/lang/IndexOutOfBoundsException done
Event: 0.349 loading class gnu/io/RXTXPort$MonitorThread
Event: 0.349 loading class gnu/io/RXTXPort$MonitorThread done
Event: 0.350 Thread 0x0000019aeca4d800 Thread added: 0x0000019aeca4d800
Event: 0.366 loading class com/can/SendAndReceiveSerial$SerialWriter
Event: 0.366 loading class com/can/SendAndReceiveSerial$SerialWriter done
Event: 0.367 Thread 0x0000019aeca54000 Thread added: 0x0000019aeca54000
Event: 0.369 Thread 0x0000019aeca54000 Thread exited: 0x0000019aeca54000


Dynamic libraries:
0x00007ff6a4740000 - 0x00007ff6a4787000 	C:\Program Files\Java\jre1.8.0_271\bin\javaw.exe
0x00007fff0eca0000 - 0x00007fff0ee90000 	C:\Windows\SYSTEM32\ntdll.dll
0x00007fff0e380000 - 0x00007fff0e432000 	C:\Windows\System32\KERNEL32.DLL
0x00007fff0be90000 - 0x00007fff0c135000 	C:\Windows\System32\KERNELBASE.dll
0x00007fff0d810000 - 0x00007fff0d8b3000 	C:\Windows\System32\ADVAPI32.dll
0x00007fff0ebc0000 - 0x00007fff0ec5e000 	C:\Windows\System32\msvcrt.dll
0x00007fff0e130000 - 0x00007fff0e1c7000 	C:\Windows\System32\sechost.dll
0x00007fff0e920000 - 0x00007fff0ea40000 	C:\Windows\System32\RPCRT4.dll
0x00007fff0e1d0000 - 0x00007fff0e364000 	C:\Windows\System32\USER32.dll
0x00007fff0bde0000 - 0x00007fff0be01000 	C:\Windows\System32\win32u.dll
0x00007fff0ea40000 - 0x00007fff0ea66000 	C:\Windows\System32\GDI32.dll
0x00007fff0c210000 - 0x00007fff0c3a6000 	C:\Windows\System32\gdi32full.dll
0x00007fff0c170000 - 0x00007fff0c20e000 	C:\Windows\System32\msvcp_win.dll
0x00007fff0bc80000 - 0x00007fff0bd7a000 	C:\Windows\System32\ucrtbase.dll
0x00007ffefbc50000 - 0x00007ffefbed4000 	C:\Windows\WinSxS\amd64_microsoft.windows.common-controls_6595b64144ccf1df_6.0.18362.1139_none_9e7bf2d3e4605ac6\COMCTL32.dll
0x00007fff0d980000 - 0x00007fff0dcb5000 	C:\Windows\System32\combase.dll
0x00007fff0be10000 - 0x00007fff0be90000 	C:\Windows\System32\bcryptPrimitives.dll
0x00007fff0de70000 - 0x00007fff0de9e000 	C:\Windows\System32\IMM32.DLL
0x00007fff0a250000 - 0x00007fff0a265000 	C:\Program Files\Java\jre1.8.0_271\bin\vcruntime140.dll
0x00007ffef98e0000 - 0x00007ffef997b000 	C:\Program Files\Java\jre1.8.0_271\bin\msvcp140.dll
0x0000000072bf0000 - 0x000000007345f000 	C:\Program Files\Java\jre1.8.0_271\bin\server\jvm.dll
0x00007fff0e370000 - 0x00007fff0e378000 	C:\Windows\System32\PSAPI.DLL
0x00007fff0a610000 - 0x00007fff0a61a000 	C:\Windows\SYSTEM32\VERSION.dll
0x00007ffefc710000 - 0x00007ffefc719000 	C:\Windows\SYSTEM32\WSOCK32.dll
0x00007fff098f0000 - 0x00007fff09914000 	C:\Windows\SYSTEM32\WINMM.dll
0x00007fff0de00000 - 0x00007fff0de6f000 	C:\Windows\System32\WS2_32.dll
0x00007fff098c0000 - 0x00007fff098ed000 	C:\Windows\SYSTEM32\WINMMBASE.dll
0x00007fff0bc30000 - 0x00007fff0bc7a000 	C:\Windows\System32\cfgmgr32.dll
0x00007fff0bb70000 - 0x00007fff0bb81000 	C:\Windows\System32\kernel.appcore.dll
0x00007fff0a2b0000 - 0x00007fff0a2c0000 	C:\Program Files\Java\jre1.8.0_271\bin\verify.dll
0x00007ffefa430000 - 0x00007ffefa45b000 	C:\Program Files\Java\jre1.8.0_271\bin\java.dll
0x00007ffefa590000 - 0x00007ffefa5a8000 	C:\Program Files\Java\jre1.8.0_271\bin\zip.dll
0x00007fff0cf70000 - 0x00007fff0d657000 	C:\Windows\System32\SHELL32.dll
0x00007fff0d8d0000 - 0x00007fff0d979000 	C:\Windows\System32\shcore.dll
0x00007fff0c5d0000 - 0x00007fff0cd50000 	C:\Windows\System32\windows.storage.dll
0x00007fff0bc00000 - 0x00007fff0bc23000 	C:\Windows\System32\profapi.dll
0x00007fff0bb90000 - 0x00007fff0bbda000 	C:\Windows\System32\powrprof.dll
0x00007fff0bb60000 - 0x00007fff0bb70000 	C:\Windows\System32\UMPDC.dll
0x00007fff0ea70000 - 0x00007fff0eac2000 	C:\Windows\System32\shlwapi.dll
0x00007fff0c3b0000 - 0x00007fff0c3c7000 	C:\Windows\System32\cryptsp.dll
0x0000000180000000 - 0x0000000180025000 	C:\Program Files\Java\jre1.8.0_271\bin\rxtxSerial.dll
0x00007ffefc510000 - 0x00007ffefc704000 	C:\Windows\SYSTEM32\dbghelp.dll

VM Arguments:
jvm_args: -Dfile.encoding=UTF-8 
java_command: com.can.SendAndReceiveSerial
java_class_path (initial): C:\myGit\TIL\bigdata-iot\network\can\bin;C:\Users\i\Downloads\mfz-rxtx-2.2-20081207-win-x64\mfz-rxtx-2.2-20081207-win-x64\RXTXcomm.jar
Launcher Type: SUN_STANDARD

Environment Variables:
PATH=C:/Program Files/Java/jre1.8.0_271/bin/server;C:/Program Files/Java/jre1.8.0_271/bin;C:/Program Files/Java/jre1.8.0_271/lib/amd64;C:\oraclexe\app\oracle\product\11.2.0\server\bin;C:\Program Files (x86)\Common Files\Oracle\Java\javapath;C:\Windows\system32;C:\Windows;C:\Windows\System32\Wbem;C:\Windows\System32\WindowsPowerShell\v1.0\;C:\Windows\System32\OpenSSH\;C:\Program Files\Git\cmd;C:\Program Files\PuTTY\;C:\Users\i\AppData\Local\Microsoft\WindowsApps;;C:\Users\i\AppData\Local\Programs\Microsoft VS Code\bin;C:\eclipse;
USERNAME=i
OS=Windows_NT
PROCESSOR_IDENTIFIER=AMD64 Family 23 Model 24 Stepping 1, AuthenticAMD



---------------  S Y S T E M  ---------------

OS: Windows 10.0 , 64 bit Build 18362 (10.0.18362.1110)

CPU:total 8 (initial active 8) (8 cores per cpu, 1 threads per core) family 23 model 24 stepping 1, cmov, cx8, fxsr, mmx, sse, sse2, sse3, ssse3, sse4.1, sse4.2, popcnt, avx, avx2, aes, clmul, mmxext, 3dnowpref, lzcnt, sse4a, tsc, tscinvbit, tscinv, bmi1

Memory: 4k page, physical 14627788k(7745036k free), swap 16856012k(7099836k free)

vm_info: Java HotSpot(TM) 64-Bit Server VM (25.271-b09) for windows-amd64 JRE (1.8.0_271-b09), built on Sep 16 2020 19:14:59 by "" with MS VC++ 15.9 (VS2017)

time: Wed Nov  4 15:23:06 2020
timezone: ¢¥eCN©öI¡¾©ö C¡ÍA¨ª¨öA
elapsed time: 0.391814 seconds (0d 0h 0m 0s)

