#
# A fatal error has been detected by the Java Runtime Environment:
#
#  EXCEPTION_ACCESS_VIOLATION (0xc0000005) at pc=0x0000000180005b00, pid=15892, tid=0x000000000000166c
#
# JRE version: Java(TM) SE Runtime Environment (8.0_271-b09) (build 1.8.0_271-b09)
# Java VM: Java HotSpot(TM) 64-Bit Server VM (25.271-b09 mixed mode windows-amd64 compressed oops)
# Problematic frame:
# C  [rxtxSerial.dll+0x5b00]
#
# Failed to write core dump. Minidumps are not enabled by default on client versions of Windows
#
# If you would like to submit a bug report, please visit:
#   http://bugreport.java.com/bugreport/crash.jsp
# The crash happened outside the Java Virtual Machine in native code.
# See problematic frame for where to report the bug.
#

---------------  T H R E A D  ---------------

Current thread (0x00000254df6c9000):  JavaThread "Thread-0" [_thread_in_native, id=5740, stack(0x000000fd3e300000,0x000000fd3e400000)]

siginfo: ExceptionCode=0xc0000005, reading address 0x000000003e3fedd8

Registers:
RAX=0x0000000000000001, RBX=0x0000000000000000, RCX=0x000000018001d4d5, RDX=0xfffffffffffff665
RSP=0x000000fd3e3fe270, RBP=0x00000000ffffffff, RSI=0x0000000000000000, RDI=0x00000254df6c91f8
R8 =0x0000000000000002, R9 =0xfffffffffffff63c, R10=0x0000000000000000, R11=0x8101010101010100
R12=0x000000003e3fedd0, R13=0x0000000000000007, R14=0x000000fd3e3fe450, R15=0x0000000000000000
RIP=0x0000000180005b00, EFLAGS=0x0000000000010202

Top of Stack: (sp=0x000000fd3e3fe270)
0x000000fd3e3fe270:   0000000000000000 000000003e3fedd0
0x000000fd3e3fe280:   0000000000000000 0000000000000000
0x000000fd3e3fe290:   0000000000000000 000000fd3e3fe450
0x000000fd3e3fe2a0:   00000254dd15bcb0 0000000000000001
0x000000fd3e3fe2b0:   00000254df6c91f8 0000000000000007
0x000000fd3e3fe2c0:   ffffffffffffffff 0000000180006211
0x000000fd3e3fe2d0:   00000254de287e40 ffffffffffffffff
0x000000fd3e3fe2e0:   0000000000000001 00000254de287e40
0x000000fd3e3fe2f0:   0000025400000007 000000fdffffffff
0x000000fd3e3fe300:   000000fd3e3fe458 0000000072cc32cb
0x000000fd3e3fe310:   000000fd3e3fe340 0000000000000000
0x000000fd3e3fe320:   00000254df6c9000 00000254df5afbd0
0x000000fd3e3fe330:   00000254dd15bcb8 00000254df6c9000
0x000000fd3e3fe340:   00000254dd15bcb8 0000b29a491a9f74
0x000000fd3e3fe350:   00000000000005f6 00000254dd15bcb0
0x000000fd3e3fe360:   00000254df6c9000 000000fd3e3fe458 

Instructions: (pc=0x0000000180005b00)
0x0000000180005ae0:   15 23 7a 01 00 48 8d 48 60 e8 3a 5d 00 00 4c 8b
0x0000000180005af0:   e5 8b ac 24 88 00 00 00 44 8b ac 24 80 00 00 00
0x0000000180005b00:   45 8b 74 24 08 41 89 5c 24 08 41 8b fd 85 ed 78
0x0000000180005b10:   09 ff 15 e9 14 01 00 44 8b f8 45 85 ed 7e 4a 90 


Register to memory mapping:

RAX=0x0000000000000001 is an unknown value
RBX=0x0000000000000000 is an unknown value
RCX=0x000000018001d4d5 is an unknown value
RDX=0xfffffffffffff665 is an unknown value
RSP=0x000000fd3e3fe270 is pointing into the stack for thread: 0x00000254df6c9000
RBP=0x00000000ffffffff is an unknown value
RSI=0x0000000000000000 is an unknown value
RDI=0x00000254df6c91f8 is an unknown value
R8 =0x0000000000000002 is an unknown value
R9 =0xfffffffffffff63c is an unknown value
R10=0x0000000000000000 is an unknown value
R11=0x8101010101010100 is an unknown value
R12=0x000000003e3fedd0 is an unknown value
R13=0x0000000000000007 is an unknown value
R14=0x000000fd3e3fe450 is pointing into the stack for thread: 0x00000254df6c9000
R15=0x0000000000000000 is an unknown value


Stack: [0x000000fd3e300000,0x000000fd3e400000],  sp=0x000000fd3e3fe270,  free space=1016k
Native frames: (J=compiled Java code, j=interpreted, Vv=VM code, C=native code)
C  [rxtxSerial.dll+0x5b00]
C  [rxtxSerial.dll+0x6211]
C  0x00000254c575990e

Java frames: (J=compiled Java code, j=interpreted, Vv=VM code)
j  gnu.io.RXTXPort.readArray([BII)I+0
j  gnu.io.RXTXPort$SerialInputStream.read([BII)I+212
j  java.io.BufferedInputStream.fill()V+214
j  java.io.BufferedInputStream.read1([BII)I+44
j  java.io.BufferedInputStream.read([BII)I+49
j  java.io.FilterInputStream.read([B)I+5
j  com.can.SendAndReceiveSerial.serialEvent(Lgnu/io/SerialPortEvent;)V+77
j  gnu.io.RXTXPort.sendEvent(IZ)Z+382
v  ~StubRoutines::call_stub
j  gnu.io.RXTXPort.eventLoop()V+0
j  gnu.io.RXTXPort$MonitorThread.run()V+12
v  ~StubRoutines::call_stub

---------------  P R O C E S S  ---------------

Java Threads: ( => current thread )
=>0x00000254df6c9000 JavaThread "Thread-0" [_thread_in_native, id=5740, stack(0x000000fd3e300000,0x000000fd3e400000)]
  0x00000254df60a800 JavaThread "Service Thread" daemon [_thread_blocked, id=13868, stack(0x000000fd3e100000,0x000000fd3e200000)]
  0x00000254de2c8800 JavaThread "C1 CompilerThread3" daemon [_thread_blocked, id=10216, stack(0x000000fd3e000000,0x000000fd3e100000)]
  0x00000254de2c2000 JavaThread "C2 CompilerThread2" daemon [_thread_blocked, id=11100, stack(0x000000fd3df00000,0x000000fd3e000000)]
  0x00000254de2be000 JavaThread "C2 CompilerThread1" daemon [_thread_blocked, id=14776, stack(0x000000fd3de00000,0x000000fd3df00000)]
  0x00000254de2b7000 JavaThread "C2 CompilerThread0" daemon [_thread_blocked, id=14956, stack(0x000000fd3dd00000,0x000000fd3de00000)]
  0x00000254de268800 JavaThread "Attach Listener" daemon [_thread_blocked, id=15276, stack(0x000000fd3dc00000,0x000000fd3dd00000)]
  0x00000254de267800 JavaThread "Signal Dispatcher" daemon [_thread_blocked, id=12208, stack(0x000000fd3db00000,0x000000fd3dc00000)]
  0x00000254dd64e800 JavaThread "Finalizer" daemon [_thread_blocked, id=8024, stack(0x000000fd3da00000,0x000000fd3db00000)]
  0x00000254dd647000 JavaThread "Reference Handler" daemon [_thread_blocked, id=4012, stack(0x000000fd3d900000,0x000000fd3da00000)]
  0x00000254c3e33000 JavaThread "main" [_thread_blocked, id=14428, stack(0x000000fd3cf00000,0x000000fd3d000000)]

Other Threads:
  0x00000254de213800 VMThread [stack: 0x000000fd3d800000,0x000000fd3d900000] [id=13604]
  0x00000254df620800 WatcherThread [stack: 0x000000fd3e200000,0x000000fd3e300000] [id=12672]

VM state:not at safepoint (normal execution)

VM Mutex/Monitor currently owned by a thread: None

heap address: 0x00000006e0c00000, size: 3572 MB, Compressed Oops mode: Zero based, Oop shift amount: 3
Narrow klass base: 0x0000000000000000, Narrow klass shift: 3
Compressed class space size: 1073741824 Address: 0x00000007c0000000

Heap:
 PSYoungGen      total 67072K, used 5785K [0x0000000775980000, 0x000000077a400000, 0x00000007c0000000)
  eden space 57856K, 10% used [0x0000000775980000,0x0000000775f26700,0x0000000779200000)
  from space 9216K, 0% used [0x0000000779b00000,0x0000000779b00000,0x000000077a400000)
  to   space 9216K, 0% used [0x0000000779200000,0x0000000779200000,0x0000000779b00000)
 ParOldGen       total 153088K, used 0K [0x00000006e0c00000, 0x00000006ea180000, 0x0000000775980000)
  object space 153088K, 0% used [0x00000006e0c00000,0x00000006e0c00000,0x00000006ea180000)
 Metaspace       used 3527K, capacity 4740K, committed 4864K, reserved 1056768K
  class space    used 397K, capacity 428K, committed 512K, reserved 1048576K

Card table byte_map: [0x00000254d4b00000,0x00000254d5200000] byte_map_base: 0x00000254d13fa000

Marking Bits: (ParMarkBitMap*) 0x00000000733e7fe0
 Begin Bits: [0x00000254d56b0000, 0x00000254d8e80000)
 End Bits:   [0x00000254d8e80000, 0x00000254dc650000)

Polling page: 0x00000254c3dd0000

CodeCache: size=245760Kb used=1282Kb max_used=1282Kb free=244477Kb
 bounds [0x00000254c5740000, 0x00000254c59b0000, 0x00000254d4740000]
 total_blobs=345 nmethods=98 adapters=161
 compilation: enabled

Compilation events (10 events):
Event: 0.289 Thread 0x00000254de2c8800   94   !   3       java.util.concurrent.ConcurrentHashMap::putVal (362 bytes)
Event: 0.290 Thread 0x00000254de2c8800 nmethod 94 0x00000254c587d590 code [0x00000254c587d840, 0x00000254c587f220]
Event: 0.339 Thread 0x00000254de2c8800   95       1       java.net.URL::getQuery (5 bytes)
Event: 0.339 Thread 0x00000254de2c8800 nmethod 95 0x00000254c587fe90 code [0x00000254c587ffe0, 0x00000254c58800f8]
Event: 0.339 Thread 0x00000254de2c8800   96       1       java.lang.CharacterDataLatin1::getProperties (11 bytes)
Event: 0.339 Thread 0x00000254de2c8800 nmethod 96 0x00000254c5880150 code [0x00000254c58802a0, 0x00000254c58803f8]
Event: 0.345 Thread 0x00000254de2c8800   97  s    1       java.util.Vector::size (5 bytes)
Event: 0.345 Thread 0x00000254de2c8800 nmethod 97 0x00000254c58804d0 code [0x00000254c5880620, 0x00000254c5880898]
Event: 0.357 Thread 0x00000254de2c8800   98       3       java.lang.String::indexOf (7 bytes)
Event: 0.357 Thread 0x00000254de2c8800 nmethod 98 0x00000254c5880910 code [0x00000254c5880a80, 0x00000254c5880d10]

GC Heap History (0 events):
No events

Deoptimization events (0 events):
No events

Classes redefined (0 events):
No events

Internal exceptions (8 events):
Event: 0.023 Thread 0x00000254c3e33000 Exception <a 'java/lang/NoSuchMethodError': Method sun.misc.Unsafe.defineClass(Ljava/lang/String;[BII)Ljava/lang/Class; name or signature does not match> (0x0000000775987cc0) thrown at [C:\jenkins\workspace\8-2-build-windows-amd64-cygwin\jdk8u271\605\hots
Event: 0.023 Thread 0x00000254c3e33000 Exception <a 'java/lang/NoSuchMethodError': Method sun.misc.Unsafe.prefetchRead(Ljava/lang/Object;J)V name or signature does not match> (0x0000000775987fa8) thrown at [C:\jenkins\workspace\8-2-build-windows-amd64-cygwin\jdk8u271\605\hotspot\src\share\vm\p
Event: 0.091 Thread 0x00000254c3e33000 Exception <a 'java/io/FileNotFoundException'> (0x0000000775a7bd08) thrown at [C:\jenkins\workspace\8-2-build-windows-amd64-cygwin\jdk8u271\605\hotspot\src\share\vm\prims\jni.cpp, line 710]
Event: 0.251 Thread 0x00000254c3e33000 Exception <a 'java/io/FileNotFoundException'> (0x0000000775a923b0) thrown at [C:\jenkins\workspace\8-2-build-windows-amd64-cygwin\jdk8u271\605\hotspot\src\share\vm\prims\jni.cpp, line 710]
Event: 0.264 Thread 0x00000254c3e33000 Exception <a 'java/security/PrivilegedActionException'> (0x0000000775be0ad8) thrown at [C:\jenkins\workspace\8-2-build-windows-amd64-cygwin\jdk8u271\605\hotspot\src\share\vm\prims\jvm.cpp, line 1512]
Event: 0.264 Thread 0x00000254c3e33000 Exception <a 'java/security/PrivilegedActionException'> (0x0000000775be0ed0) thrown at [C:\jenkins\workspace\8-2-build-windows-amd64-cygwin\jdk8u271\605\hotspot\src\share\vm\prims\jvm.cpp, line 1512]
Event: 0.265 Thread 0x00000254c3e33000 Exception <a 'java/security/PrivilegedActionException'> (0x0000000775be4d28) thrown at [C:\jenkins\workspace\8-2-build-windows-amd64-cygwin\jdk8u271\605\hotspot\src\share\vm\prims\jvm.cpp, line 1512]
Event: 0.265 Thread 0x00000254c3e33000 Exception <a 'java/security/PrivilegedActionException'> (0x0000000775be5120) thrown at [C:\jenkins\workspace\8-2-build-windows-amd64-cygwin\jdk8u271\605\hotspot\src\share\vm\prims\jvm.cpp, line 1512]

Events (10 events):
Event: 0.288 loading class java/lang/NumberFormatException done
Event: 0.289 loading class java/lang/IndexOutOfBoundsException
Event: 0.289 loading class java/lang/IndexOutOfBoundsException done
Event: 0.339 loading class gnu/io/RXTXPort$MonitorThread
Event: 0.339 loading class gnu/io/RXTXPort$MonitorThread done
Event: 0.340 Thread 0x00000254df6c9000 Thread added: 0x00000254df6c9000
Event: 0.357 loading class com/can/SendAndReceiveSerial$SerialWriter
Event: 0.357 loading class com/can/SendAndReceiveSerial$SerialWriter done
Event: 0.358 Thread 0x00000254df6cf000 Thread added: 0x00000254df6cf000
Event: 0.360 Thread 0x00000254df6cf000 Thread exited: 0x00000254df6cf000


Dynamic libraries:
0x00007ff6a4740000 - 0x00007ff6a4787000 	C:\Program Files\Java\jre1.8.0_271\bin\javaw.exe
0x00007fff0eca0000 - 0x00007fff0ee90000 	C:\Windows\SYSTEM32\ntdll.dll
0x00007fff0e380000 - 0x00007fff0e432000 	C:\Windows\System32\KERNEL32.DLL
0x00007fff0be90000 - 0x00007fff0c135000 	C:\Windows\System32\KERNELBASE.dll
0x00007fff0d810000 - 0x00007fff0d8b3000 	C:\Windows\System32\ADVAPI32.dll
0x00007fff0ebc0000 - 0x00007fff0ec5e000 	C:\Windows\System32\msvcrt.dll
0x00007fff0e130000 - 0x00007fff0e1c7000 	C:\Windows\System32\sechost.dll
0x00007fff0e920000 - 0x00007fff0ea40000 	C:\Windows\System32\RPCRT4.dll
0x00007fff0e1d0000 - 0x00007fff0e364000 	C:\Windows\System32\USER32.dll
0x00007fff0bde0000 - 0x00007fff0be01000 	C:\Windows\System32\win32u.dll
0x00007fff0ea40000 - 0x00007fff0ea66000 	C:\Windows\System32\GDI32.dll
0x00007fff0c210000 - 0x00007fff0c3a6000 	C:\Windows\System32\gdi32full.dll
0x00007fff0c170000 - 0x00007fff0c20e000 	C:\Windows\System32\msvcp_win.dll
0x00007fff0bc80000 - 0x00007fff0bd7a000 	C:\Windows\System32\ucrtbase.dll
0x00007ffefbc50000 - 0x00007ffefbed4000 	C:\Windows\WinSxS\amd64_microsoft.windows.common-controls_6595b64144ccf1df_6.0.18362.1139_none_9e7bf2d3e4605ac6\COMCTL32.dll
0x00007fff0d980000 - 0x00007fff0dcb5000 	C:\Windows\System32\combase.dll
0x00007fff0be10000 - 0x00007fff0be90000 	C:\Windows\System32\bcryptPrimitives.dll
0x00007fff0de70000 - 0x00007fff0de9e000 	C:\Windows\System32\IMM32.DLL
0x00007fff0a250000 - 0x00007fff0a265000 	C:\Program Files\Java\jre1.8.0_271\bin\vcruntime140.dll
0x00007ffef9df0000 - 0x00007ffef9e8b000 	C:\Program Files\Java\jre1.8.0_271\bin\msvcp140.dll
0x0000000072bf0000 - 0x000000007345f000 	C:\Program Files\Java\jre1.8.0_271\bin\server\jvm.dll
0x00007fff0e370000 - 0x00007fff0e378000 	C:\Windows\System32\PSAPI.DLL
0x00007fff098f0000 - 0x00007fff09914000 	C:\Windows\SYSTEM32\WINMM.dll
0x00007ffefc710000 - 0x00007ffefc719000 	C:\Windows\SYSTEM32\WSOCK32.dll
0x00007fff0a610000 - 0x00007fff0a61a000 	C:\Windows\SYSTEM32\VERSION.dll
0x00007fff0de00000 - 0x00007fff0de6f000 	C:\Windows\System32\WS2_32.dll
0x00007fff098c0000 - 0x00007fff098ed000 	C:\Windows\SYSTEM32\WINMMBASE.dll
0x00007fff0bc30000 - 0x00007fff0bc7a000 	C:\Windows\System32\cfgmgr32.dll
0x00007fff0bb70000 - 0x00007fff0bb81000 	C:\Windows\System32\kernel.appcore.dll
0x00007fff0a2b0000 - 0x00007fff0a2c0000 	C:\Program Files\Java\jre1.8.0_271\bin\verify.dll
0x00007ffefa430000 - 0x00007ffefa45b000 	C:\Program Files\Java\jre1.8.0_271\bin\java.dll
0x00007ffefa590000 - 0x00007ffefa5a8000 	C:\Program Files\Java\jre1.8.0_271\bin\zip.dll
0x00007fff0cf70000 - 0x00007fff0d657000 	C:\Windows\System32\SHELL32.dll
0x00007fff0d8d0000 - 0x00007fff0d979000 	C:\Windows\System32\shcore.dll
0x00007fff0c5d0000 - 0x00007fff0cd50000 	C:\Windows\System32\windows.storage.dll
0x00007fff0bc00000 - 0x00007fff0bc23000 	C:\Windows\System32\profapi.dll
0x00007fff0bb90000 - 0x00007fff0bbda000 	C:\Windows\System32\powrprof.dll
0x00007fff0bb60000 - 0x00007fff0bb70000 	C:\Windows\System32\UMPDC.dll
0x00007fff0ea70000 - 0x00007fff0eac2000 	C:\Windows\System32\shlwapi.dll
0x00007fff0c3b0000 - 0x00007fff0c3c7000 	C:\Windows\System32\cryptsp.dll
0x0000000180000000 - 0x0000000180025000 	C:\Program Files\Java\jre1.8.0_271\bin\rxtxSerial.dll
0x00007ffefc510000 - 0x00007ffefc704000 	C:\Windows\SYSTEM32\dbghelp.dll

VM Arguments:
jvm_args: -Dfile.encoding=UTF-8 
java_command: com.can.SendAndReceiveSerial
java_class_path (initial): C:\myGit\TIL\bigdata-iot\network\can\bin;C:\Program Files\Java\jre1.8.0_271\lib\RXTXcomm.jar
Launcher Type: SUN_STANDARD

Environment Variables:
PATH=C:/Program Files/Java/jre1.8.0_271/bin/server;C:/Program Files/Java/jre1.8.0_271/bin;C:/Program Files/Java/jre1.8.0_271/lib/amd64;C:\oraclexe\app\oracle\product\11.2.0\server\bin;C:\Program Files (x86)\Common Files\Oracle\Java\javapath;C:\Windows\system32;C:\Windows;C:\Windows\System32\Wbem;C:\Windows\System32\WindowsPowerShell\v1.0\;C:\Windows\System32\OpenSSH\;C:\Program Files\Git\cmd;C:\Program Files\PuTTY\;C:\Users\i\AppData\Local\Microsoft\WindowsApps;;C:\Users\i\AppData\Local\Programs\Microsoft VS Code\bin;C:\eclipse;
USERNAME=i
OS=Windows_NT
PROCESSOR_IDENTIFIER=AMD64 Family 23 Model 24 Stepping 1, AuthenticAMD



---------------  S Y S T E M  ---------------

OS: Windows 10.0 , 64 bit Build 18362 (10.0.18362.1110)

CPU:total 8 (initial active 8) (8 cores per cpu, 1 threads per core) family 23 model 24 stepping 1, cmov, cx8, fxsr, mmx, sse, sse2, sse3, ssse3, sse4.1, sse4.2, popcnt, avx, avx2, aes, clmul, mmxext, 3dnowpref, lzcnt, sse4a, tsc, tscinvbit, tscinv, bmi1

Memory: 4k page, physical 14627788k(8675260k free), swap 16856012k(8281884k free)

vm_info: Java HotSpot(TM) 64-Bit Server VM (25.271-b09) for windows-amd64 JRE (1.8.0_271-b09), built on Sep 16 2020 19:14:59 by "" with MS VC++ 15.9 (VS2017)

time: Wed Nov  4 15:40:05 2020
timezone: ¢¥eCN©öI¡¾©ö C¡ÍA¨ª¨öA
elapsed time: 0.382615 seconds (0d 0h 0m 0s)

